2020-07-25 20:30:07 - CRUPDCF1 - Run updater '/bitrix/updates/update_m1595698207/courierserviceexpress.moduledost/updater1.1.0.php': CopyFiles(install/sale_delivery/kce, local/php_interface/sale_delivery/kce)
2020-07-25 20:30:10 - CRUPDCF1 - Run updater '/bitrix/updates/update_m1595698210/courierserviceexpress.moduledost/updater1.3.0.php': CopyFiles(install/sale_delivery/kce, local/php_interface/sale_delivery/kce)
2020-07-25 20:30:12 - CRUPDCF1 - Run updater '/bitrix/updates/update_m1595698212/courierserviceexpress.moduledost/updater2.0.0.php': CopyFiles(install/sale_delivery/kce, ../local/php_interface/sale_delivery/kce)
2020-07-25 20:30:12 - CRUPDCF1 - Run updater '/bitrix/updates/update_m1595698212/courierserviceexpress.moduledost/updater2.0.0.php': CopyFiles(install/getpdf, ../local)
2020-07-25 20:30:12 - CRUPDCF1 - Run updater '/bitrix/updates/update_m1595698212/courierserviceexpress.moduledost/updater2.0.0.php': CopyFiles(install/js, js/courierserviceexpress.moduledost)
2020-07-25 20:30:13 - CRUPDCF1 - Run updater '/bitrix/updates/update_m1595698213/courierserviceexpress.moduledost/updater3.0.0.php': CopyFiles(install/sale_delivery/kce, ../local/php_interface/sale_delivery/kce)
2020-07-25 20:30:13 - CRUPDCF1 - Run updater '/bitrix/updates/update_m1595698213/courierserviceexpress.moduledost/updater3.0.0.php': CopyFiles(install/js, js/courierserviceexpress.moduledost)
2020-07-25 20:30:13 - CRUPDCF1 - Run updater '/bitrix/updates/update_m1595698213/courierserviceexpress.moduledost/updater3.0.0.php': CopyFiles(install/css, css/courierserviceexpress.moduledost)
2020-07-25 20:30:15 - CRUPDCF1 - Run updater '/bitrix/updates/update_m1595698215/courierserviceexpress.moduledost/updater3.0.1.php': CopyFiles(install/sale_delivery/kce, ../local/php_interface/sale_delivery/kce)
2020-07-25 20:30:16 - CRUPDCF1 - Run updater '/bitrix/updates/update_m1595698216/courierserviceexpress.moduledost/updater4.0.0.php': CopyFiles(install/sale_delivery/kce, ../local/php_interface/sale_delivery/kce)
2020-07-25 20:30:18 - CRUPDCF1 - Run updater '/bitrix/updates/update_m1595698218/courierserviceexpress.moduledost/updater4.0.1.php': CopyFiles(install/sale_delivery/kce, ../local/php_interface/sale_delivery/kce)
2020-07-25 20:30:18 - CRUPDCF1 - Run updater '/bitrix/updates/update_m1595698218/courierserviceexpress.moduledost/updater4.0.1.php': CopyFiles(install/js, ../bitrix/js/courierserviceexpress.moduledost)
2020-07-25 20:30:21 - CRUPDCF1 - Run updater '/bitrix/updates/update_m1595698221/courierserviceexpress.moduledost/updater4.1.1.php': CopyFiles(install/sale_delivery/kce, ../local/php_interface/sale_delivery/kce)
2020-07-25 20:30:21 - CRUPDCF1 - Run updater '/bitrix/updates/update_m1595698221/courierserviceexpress.moduledost/updater4.1.1.php': CopyFiles(install/js, ../bitrix/js/courierserviceexpress.moduledost)
2020-07-25 20:30:22 - CRUPDCF1 - Run updater '/bitrix/updates/update_m1595698222/courierserviceexpress.moduledost/updater5.0.0.php': CopyFiles(install/sale_delivery/kce, ../local/php_interface/sale_delivery/kce)
2020-07-25 20:30:22 - CRUPDCF1 - Run updater '/bitrix/updates/update_m1595698222/courierserviceexpress.moduledost/updater5.0.0.php': CopyFiles(install/js, ../bitrix/js/courierserviceexpress.moduledost)
2020-07-25 20:30:24 - CRUPDCF1 - Run updater '/bitrix/updates/update_m1595698224/courierserviceexpress.moduledost/updater5.0.1.php': CopyFiles(install/sale_delivery/kce, ../local/php_interface/sale_delivery/kce)
2020-07-25 20:30:24 - CRUPDCF1 - Run updater '/bitrix/updates/update_m1595698224/courierserviceexpress.moduledost/updater5.0.1.php': CopyFiles(install/js, ../bitrix/js/courierserviceexpress.moduledost)
2020-08-13 23:37:35 -  - exec CUpdateClient::GetUpdatesList
2020-08-13 23:37:36 -  - exec CUpdateClient::CollectRequestData
2020-08-13 23:37:36 -  - LICENSE_KEY=X&lang=ru&SUPD_VER=20.0.100&VERSION=20.0.650&TYPENC=D&SUPD_STS=1&SUPD_URS=0&SUPD_DBS=MYSQL&XE=N&CLIENT_SITE=test4.bfdev.ru&CHHB=test4.bfdev.ru&CSAB=127.0.0.1&SUID=5c95dce08cbfd7f72f3a29ec42d25836&CANGZIP=Y&CLIENT_PHPVER=7.2.29&stable=Y&NGINX=Y&SMD=N&rerere=Y&bitm_main=20.0.650&bitm_advertising=20.0.0&bitm_forum=20.0.100&bitm_idea=17.5.1&bitm_landing=20.2.0&bitm_compression=19.0.0&bitm_storeassist=18.1.0&bitm_im=19.0.850&bitm_mobileapp=19.0.200&bitm_photogallery=20.0.0&bitm_lists=20.0.0&bitm_socialnetwork=20.0.250&bitm_conversion=18.5.1&bitm_clouds=20.0.0&bitm_support=16.0.0&bitm_currency=19.0.100&bitm_sale=20.0.275&bitm_socialservices=19.0.200&bitm_pull=19.0.300&bitm_bizprocdesigner=19.0.200&bitm_scale=17.5.0&bitm_perfmon=20.0.0&bitm_b24connector=18.5.0&bitm_highloadblock=20.0.100&bitm_report=19.0.200&bitm_mail=20.0.450&bitm_calendar=19.0.600&bitm_blog=20.0.0&bitm_messageservice=20.0.0&bitm_abtest=18.5.0&bitm_ui=20.0.200&bitm_statistic=18.5.0&bitm_translate=19.0.100&bitm_bizproc=20.0.200&bitm_rest=20.0.150&bitm_security=19.0.0&bitm_form=18.0.0&bitm_fileman=18.5.700&bitm_bitrixcloud=20.0.0&bitm_catalog=20.0.0&bitm_seo=20.0.0&bitm_subscribe=20.0.0&bitm_learning=17.5.1&bitm_iblock=20.0.350&bitm_webservice=18.0.0&bitm_sender=19.0.700&bitm_search=18.5.200&bitm_vote=20.0.100&bitm_wiki=20.0.0&bitm_workflow=18.5.0&bitl_ru=&bitl_en=&SUPD_SRS=RU&SUPD_CMP=N&SALE_15=Y&LICENSE_SIGNED=%7Enew_license18_0_sign-N
2020-08-13 23:37:36 -  - exec CUpdateClient::GetHTTPPage
2020-08-13 23:37:36 -  - TIME GetUpdatesList(request) 0.293 sec
2020-08-13 23:37:36 -  - exec CUpdateClient::ParseServerData
2020-08-13 23:37:36 -  - exec CUpdateClient::executeCounters
2020-08-13 23:37:36 -  - exec CUpdateClient::CollectRequestData
2020-08-13 23:37:36 -  - LICENSE_KEY=X&lang=ru&SUPD_VER=20.0.100&VERSION=20.0.650&TYPENC=D&SUPD_STS=1&SUPD_URS=0&SUPD_DBS=MYSQL&XE=N&CLIENT_SITE=test4.bfdev.ru&CHHB=test4.bfdev.ru&CSAB=127.0.0.1&SUID=5c95dce08cbfd7f72f3a29ec42d25836&CANGZIP=Y&CLIENT_PHPVER=7.2.29&stable=Y&NGINX=Y&SMD=N&rerere=Y&bitm_main=20.0.650&bitm_advertising=20.0.0&bitm_forum=20.0.100&bitm_idea=17.5.1&bitm_landing=20.2.0&bitm_compression=19.0.0&bitm_storeassist=18.1.0&bitm_im=19.0.850&bitm_mobileapp=19.0.200&bitm_photogallery=20.0.0&bitm_lists=20.0.0&bitm_socialnetwork=20.0.250&bitm_conversion=18.5.1&bitm_clouds=20.0.0&bitm_support=16.0.0&bitm_currency=19.0.100&bitm_sale=20.0.275&bitm_socialservices=19.0.200&bitm_pull=19.0.300&bitm_bizprocdesigner=19.0.200&bitm_scale=17.5.0&bitm_perfmon=20.0.0&bitm_b24connector=18.5.0&bitm_highloadblock=20.0.100&bitm_report=19.0.200&bitm_mail=20.0.450&bitm_calendar=19.0.600&bitm_blog=20.0.0&bitm_messageservice=20.0.0&bitm_abtest=18.5.0&bitm_ui=20.0.200&bitm_statistic=18.5.0&bitm_translate=19.0.100&bitm_bizproc=20.0.200&bitm_rest=20.0.150&bitm_security=19.0.0&bitm_form=18.0.0&bitm_fileman=18.5.700&bitm_bitrixcloud=20.0.0&bitm_catalog=20.0.0&bitm_seo=20.0.0&bitm_subscribe=20.0.0&bitm_learning=17.5.1&bitm_iblock=20.0.350&bitm_webservice=18.0.0&bitm_sender=19.0.700&bitm_search=18.5.200&bitm_vote=20.0.100&bitm_wiki=20.0.0&bitm_workflow=18.5.0&bitl_ru=&bitl_en=&SUPD_SRS=RU&SUPD_CMP=N&SALE_15=Y&LICENSE_SIGNED=%7Enew_license18_0_sign-N&query_type=counter&cntr_result[318]=7.2
2020-08-13 23:37:36 -  - exec CUpdateClient::GetHTTPPage
2020-08-13 23:37:36 -  - TIME executeCounters 0.33 sec
